[debug] [2021-12-27T19:12:40.530Z] ----------------------------------------------------------------------
[debug] [2021-12-27T19:12:40.532Z] Command:       D:\Program Files\nodejs\node.exe C:\Users\SERVIDOR\AppData\Roaming\npm\node_modules\firebase-tools\lib\bin\firebase.js deploy
[debug] [2021-12-27T19:12:40.533Z] CLI Version:   10.0.1
[debug] [2021-12-27T19:12:40.533Z] Platform:      win32
[debug] [2021-12-27T19:12:40.533Z] Node Version:  v16.13.0
[debug] [2021-12-27T19:12:40.534Z] Time:          Mon Dec 27 2021 16:12:40 GMT-0300 (Horário Padrão de Brasília)
[debug] [2021-12-27T19:12:40.534Z] ----------------------------------------------------------------------
[debug] 
[debug] [2021-12-27T19:12:40.585Z] > command requires scopes: ["email","openid","https://www.googleapis.com/auth/cloudplatformprojects.readonly","https://www.googleapis.com/auth/firebase","https://www.googleapis.com/auth/cloud-platform"]
[debug] [2021-12-27T19:12:40.586Z] > authorizing via signed-in user (dcisuporteitapolis@gmail.com)
[debug] [2021-12-27T19:12:40.586Z] [iam] checking project instituto-yofi for permissions ["firebase.projects.get","firebasehosting.sites.update"]
[debug] [2021-12-27T19:12:40.588Z] >>> HTTP REQUEST POST https://cloudresourcemanager.googleapis.com/v1/projects/instituto-yofi:testIamPermissions  
 {"permissions":["firebase.projects.get","firebasehosting.sites.update"]}
[debug] [2021-12-27T19:12:40.955Z] <<< HTTP RESPONSE 200 {"content-type":"application/json; charset=UTF-8","vary":"X-Origin, Referer, Origin,Accept-Encoding","date":"Mon, 27 Dec 2021 19:12:40 GMT","server":"ESF","cache-control":"private","x-xss-protection":"0","x-frame-options":"SAMEORIGIN","x-content-type-options":"nosniff","server-timing":"gfet4t7; dur=145","alt-svc":"h3=\":443\"; ma=2592000,h3-29=\":443\"; ma=2592000,h3-Q050=\":443\"; ma=2592000,h3-Q046=\":443\"; ma=2592000,h3-Q043=\":443\"; ma=2592000,quic=\":443\"; ma=2592000; v=\"46,43\"","accept-ranges":"none","transfer-encoding":"chunked"}
[debug] [2021-12-27T19:12:40.957Z] > refreshing access token with scopes: []
[debug] [2021-12-27T19:12:40.957Z] >>> HTTP REQUEST POST https://www.googleapis.com/oauth2/v3/token  
 <request body omitted>
[debug] [2021-12-27T19:12:41.190Z] <<< HTTP RESPONSE 200 {"cache-control":"no-cache, no-store, max-age=0, must-revalidate","expires":"Mon, 01 Jan 1990 00:00:00 GMT","date":"Mon, 27 Dec 2021 19:12:40 GMT","pragma":"no-cache","content-type":"application/json; charset=utf-8","vary":"X-Origin, Referer, Origin,Accept-Encoding","server":"scaffolding on HTTPServer2","x-xss-protection":"0","x-frame-options":"SAMEORIGIN","x-content-type-options":"nosniff","alt-svc":"h3=\":443\"; ma=2592000,h3-29=\":443\"; ma=2592000,h3-Q050=\":443\"; ma=2592000,h3-Q046=\":443\"; ma=2592000,h3-Q043=\":443\"; ma=2592000,quic=\":443\"; ma=2592000; v=\"46,43\"","accept-ranges":"none","transfer-encoding":"chunked"}
[debug] [2021-12-27T19:12:41.206Z] >>> [apiv2][query] GET https://firebase.googleapis.com/v1beta1/projects/instituto-yofi [none]
[debug] [2021-12-27T19:12:42.320Z] <<< [apiv2][status] GET https://firebase.googleapis.com/v1beta1/projects/instituto-yofi 200
[debug] [2021-12-27T19:12:42.321Z] <<< [apiv2][body] GET https://firebase.googleapis.com/v1beta1/projects/instituto-yofi {"projectId":"instituto-yofi","projectNumber":"19824354291","displayName":"instituto yofi","name":"projects/instituto-yofi","resources":{"hostingSite":"instituto-yofi"},"state":"ACTIVE"}
[info] 
[info] === Deploying to 'instituto-yofi'...
[info] 
[info] i  deploying hosting 
[debug] [2021-12-27T19:12:42.326Z] > refreshing access token with scopes: ["email","https://www.googleapis.com/auth/cloud-platform","https://www.googleapis.com/auth/cloudplatformprojects.readonly","https://www.googleapis.com/auth/firebase","openid"]
[debug] [2021-12-27T19:12:42.326Z] >>> HTTP REQUEST POST https://www.googleapis.com/oauth2/v3/token  
 <request body omitted>
[debug] [2021-12-27T19:12:42.496Z] <<< HTTP RESPONSE 200 {"date":"Mon, 27 Dec 2021 19:12:42 GMT","pragma":"no-cache","cache-control":"no-cache, no-store, max-age=0, must-revalidate","expires":"Mon, 01 Jan 1990 00:00:00 GMT","content-type":"application/json; charset=utf-8","vary":"X-Origin, Referer, Origin,Accept-Encoding","server":"scaffolding on HTTPServer2","x-xss-protection":"0","x-frame-options":"SAMEORIGIN","x-content-type-options":"nosniff","alt-svc":"h3=\":443\"; ma=2592000,h3-29=\":443\"; ma=2592000,h3-Q050=\":443\"; ma=2592000,h3-Q046=\":443\"; ma=2592000,h3-Q043=\":443\"; ma=2592000,quic=\":443\"; ma=2592000; v=\"46,43\"","accept-ranges":"none","transfer-encoding":"chunked"}
[debug] [2021-12-27T19:12:42.520Z] >>> HTTP REQUEST POST https://firebasehosting.googleapis.com/v1beta1/sites/instituto-yofi/versions  
 {"config":{"rewrites":[{"glob":"**","path":"/index.html"}]},"labels":{"deployment-tool":"cli-firebase"}}
[debug] [2021-12-27T19:12:43.854Z] <<< HTTP RESPONSE 200 {"content-type":"application/json; charset=UTF-8","vary":"X-Origin, Referer, Origin,Accept-Encoding","date":"Mon, 27 Dec 2021 19:12:43 GMT","server":"ESF","cache-control":"private","x-xss-protection":"0","x-frame-options":"SAMEORIGIN","x-content-type-options":"nosniff","alt-svc":"h3=\":443\"; ma=2592000,h3-29=\":443\"; ma=2592000,h3-Q050=\":443\"; ma=2592000,h3-Q046=\":443\"; ma=2592000,h3-Q043=\":443\"; ma=2592000,quic=\":443\"; ma=2592000; v=\"46,43\"","accept-ranges":"none","transfer-encoding":"chunked"}
[info] i  hosting[instituto-yofi]: beginning deploy... 
[info] i  hosting[instituto-yofi]: found 38 files in build 
[debug] [2021-12-27T19:12:43.875Z] > refreshing access token with scopes: []
[debug] [2021-12-27T19:12:43.875Z] >>> HTTP REQUEST POST https://www.googleapis.com/oauth2/v3/token  
 <request body omitted>
[debug] [2021-12-27T19:12:43.876Z] [hosting] hash cache [YnVpbGQ] stored for 38 files
[debug] [2021-12-27T19:12:43.877Z] [hosting][hash queue][FINAL] {"max":3,"min":0,"avg":0,"active":0,"complete":38,"success":38,"errored":0,"retried":0,"total":38,"elapsed":6}
[debug] [2021-12-27T19:12:44.051Z] <<< HTTP RESPONSE 200 {"pragma":"no-cache","date":"Mon, 27 Dec 2021 19:12:43 GMT","expires":"Mon, 01 Jan 1990 00:00:00 GMT","cache-control":"no-cache, no-store, max-age=0, must-revalidate","content-type":"application/json; charset=utf-8","vary":"X-Origin, Referer, Origin,Accept-Encoding","server":"scaffolding on HTTPServer2","x-xss-protection":"0","x-frame-options":"SAMEORIGIN","x-content-type-options":"nosniff","alt-svc":"h3=\":443\"; ma=2592000,h3-29=\":443\"; ma=2592000,h3-Q050=\":443\"; ma=2592000,h3-Q046=\":443\"; ma=2592000,h3-Q043=\":443\"; ma=2592000,quic=\":443\"; ma=2592000; v=\"46,43\"","accept-ranges":"none","transfer-encoding":"chunked"}
[debug] [2021-12-27T19:12:44.076Z] >>> [apiv2][query] POST https://firebasehosting.googleapis.com/v1beta1/sites/instituto-yofi/versions/0e7e7d7086a44153:populateFiles [none]
[debug] [2021-12-27T19:12:44.076Z] >>> [apiv2][body] POST https://firebasehosting.googleapis.com/v1beta1/sites/instituto-yofi/versions/0e7e7d7086a44153:populateFiles {"files":{"/asset-manifest.json":"2b30922d3606f0ed82cc2dcd6fa87acf1ecd180928e6f5c92498c7a6c2d5e199","/bg-pixel.png":"7840455f634852d303765cc848e067fd930ff08e5c566670567a95cae6a5a125","/dente.jpg":"1b55bb79b008b88185ec6b32eee85b6609bc8688a970ccb5b7bae3b172968e13","/dentista.jpg":"9d1ec9cb5c0583ef48513b723fbf7dd990a9fe884097086949defba5b62dfb60","/favicon.ico":"f809cb40777189c9144f1ac028b98861236d88544af342a1d19ffb4ed61b8a71","/imagem-dentista.jpg":"54ba42031915019b55214893fb642534f395adc87da1684c4fdd92a29fef738a","/imagem-teste.jpg":"9f950b6aa16131e0edd58e91f43ce958eefbd101dbc66af6a08f6cb38b188e87","/index.html":"a7d5df2372174c09eed0ed2002a6edb19262138225c4f5a3b509b091c5ccb99a","/instituto-yofi-contato.png":"ba3ee9912af8224faf82d2fa98166a3c39fd1c72b78648189fa976d62c2c3045","/instituto-yofi.png":"902fbe63fc995ce7d7d7c8e2f7014564910dd2aaddbdabf83c1aa21d0d08facf","/logo.png":"44c4c80a5349c4735af03f7f0d79cb70304ca6c8fdfb81d11488f85fb199c4bb","/logo192.png":"5d98a5ff7bb3aeb0ef342a226b25bf2bfdcdb89c0b23a3db9bf38c7abf906827","/logo512.png":"636221d7a2d14b64452a9b5ddf512d6bc9cb60bc44e3543c4cb47a7de24bd6ac","/manifest.json":"d9ca9bf9dcf32609cefaa20a153f670defce1c7294024fdbd516f1ed6c66e449","/robots.txt":"bfe106a3fb878dc83461c86818bf74fc1bdc7f28538ba613cd3e775516ce8b49","/banners/banner-01.jpg":"9879f7a827068d8119d28b6427d5d6d5114fd02e0ca2517ee44a5531d83c2cf7","/banners/banner-02.jpg":"819c0b448dfed51f090678d7930df98f517c4cfed424b3b1dbc6eecf11359e81","/static/css/main.da8bc1c8.css":"46548f4d4c87b898165af0226070a47b7f89b212f0e21b6bf9ab3f95c6ef59d9","/static/css/main.da8bc1c8.css.map":"95c89a5930e88eedb695fbd5d94467e4a54ea109ae94224bfbd2900bcd1b4f96","/static/js/787.08044cb2.chunk.js":"27ec25727cb5f6e9594a69177c1a1141600796045e9fab3ff3cc27a0e58b6d86","/static/js/787.08044cb2.chunk.js.map":"e34d84d53d64bee07d7a0866094ae4cac891058fda17dccb7ff3b4e485dd1a9b","/static/js/main.562abcd5.js":"0833600551b9ac00e177817a2eef1103f7ff2ed130248083a0152c3b790984f3","/static/js/main.562abcd5.js.LICENSE.txt":"5caebf918219873389cbf69a3349d91177b6f9db9707e3e51da5f74a5d942d2c","/static/js/main.562abcd5.js.map":"ee95e7859fe8d46be925f8ba720b49f5191283fbbbcd3fa4a638008db890c51d","/static/media/dente.b663ed6c1bec78c43bfc.jpg":"1b55bb79b008b88185ec6b32eee85b6609bc8688a970ccb5b7bae3b172968e13","/static/media/fa-regular-400.4689f52cc96215721344.svg":"58164fd866070e49062d363355a04adf64846b7a3416c220808471d2893faccf","/static/media/fa-regular-400.491974d108fe4002b2aa.ttf":"1337ba654ba3042c94d956dc3f66cd70f41bc7672e15aff5256066621f7e159a","/static/media/fa-regular-400.77206a6bb316fa0aded5.eot":"55129affe97282d08aac03219a5c80ca0fadad59bee2e59ff59ef90ef8c57e37","/static/media/fa-regular-400.7a3337626410ca2f4071.woff2":"ddd4be2f692a69214ff09206ed93bec610cb21359d11483df26bbba628359b6c","/static/media/fa-regular-400.bb58e57c48a3e911f15f.woff":"02afabd773caf9d673216695a6d3dbc0650d70ab7c962ab577353e291c18f3f2","/static/media/fa-solid-900.1551f4f60c37af51121f.woff2":"e9fae79b597bdd55d58331e18805a0383e99b2e79c0ae9fce44605bb8c0c5c7b","/static/media/fa-solid-900.7a8b4f130182d19a2d7c.svg":"b38438df2a2c103cd714b4ebbf58bca5edb1357f74dc7219fb5901d9dd195067","/static/media/fa-solid-900.9bbb245e67a133f6e486.eot":"b35c298b7640edb301b5b7ca12eb4582b4b1f6ceae680bcea2a109d34cc3c49f","/static/media/fa-solid-900.be9ee23c0c6390141475.ttf":"f5934f953f6c3f167473c1f87054cf2d7ef59946c5f838af501284b90b493ce5","/static/media/fa-solid-900.eeccf4f66002c6f2ba24.woff":"cb1dea4cdc0b1faadb31fa981433924ed0a22f1028906b6d93bb2b38733652e9","/static/media/imagem-dentista.2e30c2f7ed11b5862ca5.jpg":"54ba42031915019b55214893fb642534f395adc87da1684c4fdd92a29fef738a","/static/media/instituto-yofi-contato.a43fbe9bfb8d04b6e3a7.png":"ba3ee9912af8224faf82d2fa98166a3c39fd1c72b78648189fa976d62c2c3045","/static/media/instituto-yofi.c5be98ca096cf247ec06.png":"902fbe63fc995ce7d7d7c8e2f7014564910dd2aaddbdabf83c1aa21d0d08facf"}}
[debug] [2021-12-27T19:12:45.289Z] <<< [apiv2][status] POST https://firebasehosting.googleapis.com/v1beta1/sites/instituto-yofi/versions/0e7e7d7086a44153:populateFiles 200
[debug] [2021-12-27T19:12:45.289Z] <<< [apiv2][body] POST https://firebasehosting.googleapis.com/v1beta1/sites/instituto-yofi/versions/0e7e7d7086a44153:populateFiles {"uploadUrl":"https://upload-firebasehosting.googleapis.com/upload/sites/instituto-yofi/versions/0e7e7d7086a44153/files"}
[debug] [2021-12-27T19:12:45.289Z] [hosting][populate queue][FINAL] {"max":1414,"min":1414,"avg":1414,"active":0,"complete":1,"success":1,"errored":0,"retried":0,"total":1,"elapsed":1414}
[debug] [2021-12-27T19:12:45.289Z] [hosting] uploads queued: 0
[debug] [2021-12-27T19:12:45.289Z] [hosting][upload queue][FINAL] {"max":0,"min":9999999999,"avg":0,"active":0,"complete":0,"success":0,"errored":0,"retried":0,"total":0,"elapsed":1640632365289}
[info] +  hosting[instituto-yofi]: file upload complete 
[debug] [2021-12-27T19:12:45.290Z] [hosting] deploy completed after 1435ms
[debug] [2021-12-27T19:12:45.292Z] [
  {
    "config": {
      "public": "build",
      "ignore": [
        "firebase.json",
        "**/.*",
        "**/node_modules/**"
      ],
      "rewrites": [
        {
          "source": "**",
          "destination": "/index.html"
        }
      ],
      "site": "instituto-yofi"
    },
    "site": "instituto-yofi",
    "version": "sites/instituto-yofi/versions/0e7e7d7086a44153"
  }
]
[info] i  hosting[instituto-yofi]: finalizing version... 
[debug] [2021-12-27T19:12:45.292Z] > refreshing access token with scopes: ["email","https://www.googleapis.com/auth/cloud-platform","https://www.googleapis.com/auth/cloudplatformprojects.readonly","https://www.googleapis.com/auth/firebase","openid"]
[debug] [2021-12-27T19:12:45.292Z] >>> HTTP REQUEST POST https://www.googleapis.com/oauth2/v3/token  
 <request body omitted>
[debug] [2021-12-27T19:12:45.462Z] <<< HTTP RESPONSE 200 {"pragma":"no-cache","date":"Mon, 27 Dec 2021 19:12:45 GMT","cache-control":"no-cache, no-store, max-age=0, must-revalidate","expires":"Mon, 01 Jan 1990 00:00:00 GMT","content-type":"application/json; charset=utf-8","vary":"X-Origin, Referer, Origin,Accept-Encoding","server":"scaffolding on HTTPServer2","x-xss-protection":"0","x-frame-options":"SAMEORIGIN","x-content-type-options":"nosniff","alt-svc":"h3=\":443\"; ma=2592000,h3-29=\":443\"; ma=2592000,h3-Q050=\":443\"; ma=2592000,h3-Q046=\":443\"; ma=2592000,h3-Q043=\":443\"; ma=2592000,quic=\":443\"; ma=2592000; v=\"46,43\"","accept-ranges":"none","transfer-encoding":"chunked"}
[debug] [2021-12-27T19:12:45.486Z] >>> HTTP REQUEST PATCH https://firebasehosting.googleapis.com/v1beta1/sites/instituto-yofi/versions/0e7e7d7086a44153?updateMask=status  
 {"status":"FINALIZED"}
